proguard/mapping.txt
com.xiaoqf.app.AboutActivity -> com.xiaoqf.app.AboutActivity:
    void onCreate(android.os.Bundle) -> onCreate
    void onBackPressed() -> onBackPressed
com.xiaoqf.app.AgreementActivity -> com.xiaoqf.app.AgreementActivity:
    java.lang.String url -> b
    void onCreate(android.os.Bundle) -> onCreate
    void onBackPressed() -> onBackPressed
com.xiaoqf.app.AgreementActivity$1 -> com.xiaoqf.app.a:
    boolean shouldOverrideUrlLoading(android.webkit.WebView,java.lang.String) -> shouldOverrideUrlLoading
com.xiaoqf.app.BargainActivity -> com.xiaoqf.app.BargainActivity:
    boolean isBooked -> b
    android.app.ProgressDialog pDialog -> c
    com.xiaoqfang.beans.Discount discountCoupon -> d
    com.xiaoqfang.beans.Discount discountDeposit -> e
    com.xiaoqfang.beans.Discount discountFriend -> f
    com.xiaoqfang.beans.Room room -> g
    com.xiaoqfang.beans.House house -> h
    com.xiaoqfang.beans.Project project -> i
    com.xiaoqfang.beans.Order order -> j
    com.xiaoqfang.beans.myLikeRoomOrderBean myLikeRoomOrder -> k
    java.lang.String projectId -> l
    java.lang.String roomId -> m
    java.lang.String orderId -> a
    android.os.Handler mHandler -> n
    void onCreate(android.os.Bundle) -> onCreate
    void getOrderDetail(java.lang.String) -> a
    void getOrder(java.lang.String,com.lidroid.xutils.http.RequestParams,int) -> a
    void onResume() -> onResume
    void access$0(com.xiaoqf.app.BargainActivity,java.lang.String) -> a
    com.xiaoqfang.beans.Project access$1(com.xiaoqf.app.BargainActivity) -> a
    com.xiaoqfang.beans.House access$2(com.xiaoqf.app.BargainActivity) -> b
    com.xiaoqfang.beans.Room access$3(com.xiaoqf.app.BargainActivity) -> c
    android.widget.TextView access$4(com.xiaoqf.app.BargainActivity) -> d
    android.widget.TextView access$5(com.xiaoqf.app.BargainActivity) -> e
    com.xiaoqfang.beans.Order access$6(com.xiaoqf.app.BargainActivity) -> f
    android.widget.TextView access$7(com.xiaoqf.app.BargainActivity) -> g
com.xiaoqf.app.BargainActivity$1 -> com.xiaoqf.app.b:
    com.xiaoqf.app.BargainActivity this$0 -> a
    void handleMessage(android.os.Message) -> handleMessage
com.xiaoqf.app.BargainActivity$2 -> com.xiaoqf.app.c:
    com.xiaoqf.app.BargainActivity this$0 -> a
    int val$what -> b
    void onSuccess(com.lidroid.xutils.http.ResponseInfo) -> a
    void onFailure$b1992e1(com.lidroid.xutils.exception.HttpException) -> a
com.xiaoqf.app.BaseActivity -> com.xiaoqf.app.d:
    com.xiaoqfang.util.ViewManagerUtil manager -> b
    java.lang.String TAG -> a
    com.xiaoqfang.beans.User getUser() -> a
    void onCreate(android.os.Bundle) -> onCreate
    void onResume() -> onResume
    void onPause() -> onPause
    void onDestroy() -> onDestroy
com.xiaoqf.app.BookPayedActivity -> com.xiaoqf.app.BookPayedActivity:
    void onCreate(android.os.Bundle) -> onCreate
    void onBackPressed() -> onBackPressed
com.xiaoqf.app.FeedbackActivity -> com.xiaoqf.app.FeedbackActivity:
    void onCreate(android.os.Bundle) -> onCreate
com.xiaoqf.app.GuideView -> com.xiaoqf.app.GuideView:
    android.support.v4.view.ViewPager vp -> b
    com.xiaoqfang.customview.GuidePagerAdapter vpAdapter -> c
    java.util.List views -> d
    int oldPosition -> e
    java.util.ArrayList dots -> f
    android.view.LayoutInflater inflater -> g
    android.widget.LinearLayout dot_point -> h
    void onCreate(android.os.Bundle) -> onCreate
    void initDots() -> b
    void onPageScrollStateChanged(int) -> b
    void onPageSelected(int) -> a
    void onResume() -> onResume
    void onPause() -> onPause
    boolean onKeyDown(int,android.view.KeyEvent) -> onKeyDown
    void onDestroy() -> onDestroy
...
android.support.v4.view.accessibility.AccessibilityNodeProviderCompat -> android.support.v4.view.a.h:
    android.support.v4.view.accessibility.AccessibilityNodeInfoCompatIcs IMPL$5ccd855f -> a
    java.lang.Object mProvider -> b
    java.lang.Object getProvider() -> a
    android.support.v4.view.accessibility.AccessibilityNodeInfoCompat createAccessibilityNodeInfo$f3a5639() -> b
    boolean performAction$5985f823() -> c
    java.util.List findAccessibilityNodeInfosByText$2393931d() -> d
    android.support.v4.view.accessibility.AccessibilityNodeInfoCompat findFocus$f3a5639() -> e
android.support.v4.view.accessibility.AccessibilityNodeProviderCompat$AccessibilityNodeProviderJellyBeanImpl -> android.support.v4.view.a.i:
    java.lang.Object newAccessibilityNodeProviderBridge(android.support.v4.view.accessibility.AccessibilityNodeProviderCompat) -> a
android.support.v4.view.accessibility.AccessibilityNodeProviderCompat$AccessibilityNodeProviderKitKatImpl -> android.support.v4.view.a.j:
    java.lang.Object newAccessibilityNodeProviderBridge(android.support.v4.view.accessibility.AccessibilityNodeProviderCompat) -> a
android.support.v4.view.accessibility.AccessibilityNodeProviderCompatJellyBean$1 -> android.support.v4.view.a.k:
    android.support.v4.view.accessibility.AccessibilityNodeProviderCompatJellyBean$AccessibilityNodeInfoBridge val$bridge -> a
    android.view.accessibility.AccessibilityNodeInfo createAccessibilityNodeInfo(int) -> createAccessibilityNodeInfo
    java.util.List findAccessibilityNodeInfosByText(java.lang.String,int) -> findAccessibilityNodeInfosByText
    boolean performAction(int,int,android.os.Bundle) -> performAction
android.support.v4.view.accessibility.AccessibilityNodeProviderCompatJellyBean$AccessibilityNodeInfoBridge -> android.support.v4.view.a.l:
    android.support.v4.view.accessibility.AccessibilityNodeProviderCompat val$compat -> a
    java.lang.Object createAccessibilityNodeInfo(int) -> a
    boolean performAction(int,int,android.os.Bundle) -> a
    java.util.List findAccessibilityNodeInfosByText(java.lang.String,int) -> a
android.support.v4.view.accessibility.AccessibilityNodeProviderCompatKitKat$1 -> android.support.v4.view.a.m:
    android.support.v4.view.accessibility.AccessibilityNodeProviderCompatKitKat$AccessibilityNodeInfoBridge val$bridge -> a
    android.view.accessibility.AccessibilityNodeInfo createAccessibilityNodeInfo(int) -> createAccessibilityNodeInfo
    java.util.List findAccessibilityNodeInfosByText(java.lang.String,int) -> findAccessibilityNodeInfosByText
    boolean performAction(int,int,android.os.Bundle) -> performAction
    android.view.accessibility.AccessibilityNodeInfo findFocus(int) -> findFocus
android.support.v4.view.accessibility.AccessibilityNodeProviderCompatKitKat$AccessibilityNodeInfoBridge -> android.support.v4.view.a.n:
    android.support.v4.view.accessibility.AccessibilityNodeProviderCompat val$compat -> a
    java.lang.Object createAccessibilityNodeInfo(int) -> a
    boolean performAction(int,int,android.os.Bundle) -> a
    java.util.List findAccessibilityNodeInfosByText(java.lang.String,int) -> a
    java.lang.Object findFocus(int) -> b
android.support.v4.view.accessibility.AccessibilityRecordCompat -> android.support.v4.view.a.o:
    android.support.v4.view.accessibility.AccessibilityRecordCompat$AccessibilityRecordImpl IMPL -> a
    java.lang.Object mRecord -> b
    android.support.v4.view.accessibility.AccessibilityRecordCompat obtain() -> a
    void setScrollable(boolean) -> a
    void setItemCount(int) -> a
    void setFromIndex(int) -> b
    void setToIndex(int) -> c
    int hashCode() -> hashCode
    boolean equals(java.lang.Object) -> equals