proguard/usage.txt
com.xiaoqf.app.AboutActivity:
    private android.widget.ImageView backImageView
    50:51:public void onClickBack(android.view.View)
    56:77:public void onContactClick(android.view.View)
com.xiaoqf.app.AboutActivity$1
com.xiaoqf.app.AboutActivity$2
com.xiaoqf.app.AgreementActivity:
    private android.widget.ImageView backImageView
    60:61:public void onClickBack(android.view.View)
com.xiaoqf.app.AutoGuideView
com.xiaoqf.app.BargainActivity:
    private static final int ORDER_NEW
    private static final int ORDER_DETAIL
    private static final int SDK_PAY_FLAG
    private static final int SDK_CHECK_FLAG
    private static final java.lang.String TAG
    private com.xiaoqfang.beans.Payment mPayment
    private android.widget.TextView wechatTextView
    private android.widget.TextView payallTextView
    403:471:public void onDiscountDepositClick(android.view.View)
    475:476:public void onQcallBackClick(android.view.View)
    499:531:private void pay(java.lang.String)
    540:544:public void onWeiXinShareClick(android.view.View)
    549:550:public void onBookClick(android.view.View)
    555:556:public void onBargainByWechatClick(android.view.View)
    562:562:public void onPayallClick(android.view.View)
    71:71:static synthetic void access$20(com.xiaoqf.app.BargainActivity,com.xiaoqfang.beans.Payment)
    71:71:static synthetic com.xiaoqfang.beans.Payment access$21(com.xiaoqf.app.BargainActivity)
    497:497:static synthetic void access$22(com.xiaoqf.app.BargainActivity,java.lang.String)
com.xiaoqf.app.BargainActivity$3
com.xiaoqf.app.BargainActivity$4
com.xiaoqf.app.BaseActivity:
    56:72:public void setUser(com.xiaoqfang.beans.User)
    76:79:public void setAvatar(com.xiaoqfang.beans.User)
    104:105:public void exitAll()
com.xiaoqf.app.BookPayedActivity:
    private android.widget.ImageView backImageView
    private android.widget.TextView bookAmount
    private android.widget.TextView bookOrderNo
    private android.widget.TextView bookOrderTime
    62:63:public void onClickBack(android.view.View)
com.xiaoqf.app.BuildConfig
com.xiaoqf.app.FeedbackActivity:
    private android.widget.ImageView backImageView
    private android.webkit.WebView agreementWebView
    46:47:public void onClickBack(android.view.View)
com.xiaoqf.app.GuideView:
    private static final java.lang.String TAG
com.xiaoqf.app.HomeActivity:
    private static final java.lang.String TAG
com.xiaoqf.app.LoginActivity:
    protected static final java.lang.String TAG
    private android.widget.ImageView backImageView
    private android.widget.RelativeLayout loginRelativeLayout
    private android.widget.EditText loginNumEditText
    private android.widget.EditText loginPwdEditText
    88:152:public void loginButtonClick(android.view.View)
    156:159:public void onForgetPasswordClick(android.view.View)
    163:166:public void onRegisterButtonClick(android.view.View)
    171:172:public void onLoginBackClick(android.view.View)
    64:64:static synthetic android.content.Context access$0(com.xiaoqf.app.LoginActivity)
com.xiaoqf.app.LoginActivity$1
com.xiaoqf.app.MainActivity:
    private static final int TAB1
    private static final int TAB2
    private static final int TAB3
    private static final int TAB4
    private static final java.lang.String TAG
com.xiaoqf.app.MapActivity
com.xiaoqf.app.MineActivity:
    private static final int REQUEST_CODE
    private static final int REQUEST_LOGAIN_OK
    private static final int REQUEST_REGISTER_OK
    private static final java.lang.String cashTag
    private static final java.lang.String walletTag
    81:87:private void myLikesRoomsButton(android.view.View)
    93:96:private void myPurpseButton(android.view.View)
    101:104:private void extensionButton(android.view.View)
    109:111:private void settingsButton(android.view.View)
    118:118:private void onMyHeadSculptureClick(android.view.View)
    155:161:private void onLoadingOrRegisterClick(android.view.View)
...
android.support.v4.app.LoaderManagerImpl$LoaderInfo
android.support.v4.app.NavUtils
android.support.v4.app.NavUtils$NavUtilsImpl
android.support.v4.app.NavUtils$NavUtilsImplBase
android.support.v4.app.NavUtils$NavUtilsImplJB
android.support.v4.app.NavUtilsJB
android.support.v4.app.NoSaveStateFrameLayout
android.support.v4.app.NotificationBuilderWithActions
android.support.v4.app.NotificationBuilderWithBuilderAccessor
android.support.v4.app.NotificationCompat
android.support.v4.app.NotificationCompat$1
android.support.v4.app.NotificationCompat$Action
android.support.v4.app.NotificationCompat$Action$1
android.support.v4.app.NotificationCompat$Action$Builder
android.support.v4.app.NotificationCompat$Action$Extender
android.support.v4.app.NotificationCompat$Action$WearableExtender
android.support.v4.app.NotificationCompat$BigPictureStyle
android.support.v4.app.NotificationCompat$BigTextStyle
android.support.v4.app.NotificationCompat$Builder
android.support.v4.app.NotificationCompat$Extender
android.support.v4.app.NotificationCompat$InboxStyle
android.support.v4.app.NotificationCompat$NotificationCompatImpl
android.support.v4.app.NotificationCompat$NotificationCompatImplApi20
android.support.v4.app.NotificationCompat$NotificationCompatImplBase
android.support.v4.app.NotificationCompat$NotificationCompatImplGingerbread
android.support.v4.app.NotificationCompat$NotificationCompatImplHoneycomb
android.support.v4.app.NotificationCompat$NotificationCompatImplIceCreamSandwich
android.support.v4.app.NotificationCompat$NotificationCompatImplJellybean
android.support.v4.app.NotificationCompat$NotificationCompatImplKitKat
android.support.v4.app.NotificationCompat$Style
android.support.v4.app.NotificationCompat$WearableExtender
android.support.v4.app.NotificationCompatApi20
android.support.v4.app.NotificationCompatApi20$Builder
android.support.v4.app.NotificationCompatBase
android.support.v4.app.NotificationCompatBase$Action
android.support.v4.app.NotificationCompatBase$Action$Factory
android.support.v4.app.NotificationCompatExtras
android.support.v4.app.NotificationCompatGingerbread
android.support.v4.app.NotificationCompatHoneycomb
android.support.v4.app.NotificationCompatIceCreamSandwich
android.support.v4.app.NotificationCompatJellybean
android.support.v4.app.NotificationCompatJellybean$Builder
android.support.v4.app.NotificationCompatKitKat
android.support.v4.app.NotificationCompatKitKat$Builder
android.support.v4.app.NotificationCompatSideChannelService
android.support.v4.app.NotificationCompatSideChannelService$1
android.support.v4.app.NotificationCompatSideChannelService$NotificationSideChannelStub
android.support.v4.app.NotificationManagerCompat
android.support.v4.app.NotificationManagerCompat$CancelTask
android.support.v4.app.NotificationManagerCompat$Impl
android.support.v4.app.NotificationManagerCompat$ImplBase
android.support.v4.app.NotificationManagerCompat$ImplEclair
android.support.v4.app.NotificationManagerCompat$ImplIceCreamSandwich
android.support.v4.app.NotificationManagerCompat$NotifyTask
android.support.v4.app.NotificationManagerCompat$ServiceConnectedEvent
android.support.v4.app.NotificationManagerCompat$SideChannelManager
android.support.v4.app.NotificationManagerCompat$SideChannelManager$ListenerRecord
android.support.v4.app.NotificationManagerCompat$Task
android.support.v4.app.NotificationManagerCompatEclair
android.support.v4.app.NotificationManagerCompatIceCreamSandwich
android.support.v4.app.RemoteInput
android.support.v4.app.RemoteInput$1
android.support.v4.app.RemoteInput$Builder
android.support.v4.app.RemoteInput$Impl
android.support.v4.app.RemoteInput$ImplApi20
android.support.v4.app.RemoteInput$ImplBase
android.support.v4.app.RemoteInput$ImplJellybean
android.support.v4.app.RemoteInputCompatApi20
android.support.v4.app.RemoteInputCompatBase
android.support.v4.app.RemoteInputCompatBase$RemoteInput
android.support.v4.app.RemoteInputCompatBase$RemoteInput$Factory